<?xml version="1.0" encoding="UTF-8"?>
<!-- Generated by org.testng.reporters.JUnitReportReporter -->
<testsuite hostname="Ramesh-Chetariya" failures="0" tests="3" name="GitPackage.GitClass" time="0.011" errors="0" timestamp="2025-09-19T12:03:34 IST" skipped="0">
  <testcase classname="GitPackage.GitClass" name="login" time="0.009"/>
  <system-out/>
  <testcase classname="GitPackage.GitClass" name="openapp" time="0.001"/>
  <system-out/>
  <testcase classname="GitPackage.GitClass" name="logout" time="0.001"/>
  <system-out/>
</testsuite> <!-- GitPackage.GitClass -->
